[11-Aug-2020 03:03:05 UTC] PHP Warning:  mysqli::__construct(): (HY000/1045): Access denied for user 'root'@'localhost' (using password: NO) in C:\AppServ\www\index.php on line 40
[11-Aug-2020 03:03:05 UTC] PHP Stack trace:
[11-Aug-2020 03:03:05 UTC] PHP   1. {main}() C:\AppServ\www\index.php:0
[11-Aug-2020 03:03:05 UTC] PHP   2. mysqli->__construct() C:\AppServ\www\index.php:40
[11-Aug-2020 03:03:05 UTC] PHP Warning:  Use of undefined constant console - assumed 'console' (this will throw an Error in a future version of PHP) in C:\AppServ\www\index.php on line 43
[11-Aug-2020 03:03:05 UTC] PHP Stack trace:
[11-Aug-2020 03:03:05 UTC] PHP   1. {main}() C:\AppServ\www\index.php:0
[11-Aug-2020 03:03:05 UTC] PHP Warning:  Use of undefined constant connect_error - assumed 'connect_error' (this will throw an Error in a future version of PHP) in C:\AppServ\www\index.php on line 43
[11-Aug-2020 03:03:05 UTC] PHP Stack trace:
[11-Aug-2020 03:03:05 UTC] PHP   1. {main}() C:\AppServ\www\index.php:0
[11-Aug-2020 03:03:05 UTC] PHP Warning:  log() expects parameter 1 to be float, string given in C:\AppServ\www\index.php on line 43
[11-Aug-2020 03:03:05 UTC] PHP Stack trace:
[11-Aug-2020 03:03:05 UTC] PHP   1. {main}() C:\AppServ\www\index.php:0
[11-Aug-2020 03:03:05 UTC] PHP   2. log() C:\AppServ\www\index.php:43
[11-Aug-2020 03:03:05 UTC] PHP Recoverable fatal error:  Object of class mysqli could not be converted to string in C:\AppServ\www\index.php on line 44
[11-Aug-2020 03:03:05 UTC] PHP Stack trace:
[11-Aug-2020 03:03:05 UTC] PHP   1. {main}() C:\AppServ\www\index.php:0
[11-Aug-2020 19:03:45 UTC] PHP Notice:  Undefined variable: fname in C:\AppServ\www\register.php on line 135
[11-Aug-2020 19:03:45 UTC] PHP Stack trace:
[11-Aug-2020 19:03:45 UTC] PHP   1. {main}() C:\AppServ\www\register.php:0
[11-Aug-2020 19:03:45 UTC] PHP Notice:  Undefined variable: lname in C:\AppServ\www\register.php on line 136
[11-Aug-2020 19:03:45 UTC] PHP Stack trace:
[11-Aug-2020 19:03:45 UTC] PHP   1. {main}() C:\AppServ\www\register.php:0
[11-Aug-2020 20:20:00 UTC] PHP Parse error:  syntax error, unexpected '->' (T_OBJECT_OPERATOR) in C:\AppServ\www\register.php on line 68
[11-Aug-2020 22:31:54 UTC] PHP Fatal error:  Uncaught Error: Call to undefined function test_input() in C:\AppServ\www\index.php:55
Stack trace:
#0 {main}
  thrown in C:\AppServ\www\index.php on line 55
[11-Aug-2020 23:40:20 UTC] PHP Parse error:  syntax error, unexpected ')' in C:\AppServ\www\index.php on line 68
[11-Aug-2020 23:40:45 UTC] PHP Notice:  Undefined variable: username in C:\AppServ\www\index.php on line 114
[11-Aug-2020 23:40:45 UTC] PHP Stack trace:
[11-Aug-2020 23:40:45 UTC] PHP   1. {main}() C:\AppServ\www\index.php:0
[11-Aug-2020 23:40:45 UTC] PHP Notice:  Undefined variable: username_err in C:\AppServ\www\index.php on line 115
[11-Aug-2020 23:40:45 UTC] PHP Stack trace:
[11-Aug-2020 23:40:45 UTC] PHP   1. {main}() C:\AppServ\www\index.php:0
[11-Aug-2020 23:40:45 UTC] PHP Notice:  Undefined variable: password_err in C:\AppServ\www\index.php on line 120
[11-Aug-2020 23:40:45 UTC] PHP Stack trace:
[11-Aug-2020 23:40:45 UTC] PHP   1. {main}() C:\AppServ\www\index.php:0
[11-Aug-2020 23:42:29 UTC] PHP Notice:  Undefined variable: username in C:\AppServ\www\index.php on line 114
[11-Aug-2020 23:42:29 UTC] PHP Stack trace:
[11-Aug-2020 23:42:29 UTC] PHP   1. {main}() C:\AppServ\www\index.php:0
[11-Aug-2020 23:42:29 UTC] PHP Notice:  Undefined variable: uname_err in C:\AppServ\www\index.php on line 115
[11-Aug-2020 23:42:29 UTC] PHP Stack trace:
[11-Aug-2020 23:42:29 UTC] PHP   1. {main}() C:\AppServ\www\index.php:0
[11-Aug-2020 23:42:29 UTC] PHP Notice:  Undefined variable: psw_err in C:\AppServ\www\index.php on line 120
[11-Aug-2020 23:42:29 UTC] PHP Stack trace:
[11-Aug-2020 23:42:29 UTC] PHP   1. {main}() C:\AppServ\www\index.php:0
[12-Aug-2020 00:06:05 UTC] PHP Parse error:  syntax error, unexpected '}', expecting ',' or ';' in C:\AppServ\www\index.php on line 93
[12-Aug-2020 00:12:03 UTC] PHP Notice:  Undefined property: mysqli_stmt::$store_result in C:\AppServ\www\index.php on line 73
[12-Aug-2020 00:12:03 UTC] PHP Stack trace:
[12-Aug-2020 00:12:03 UTC] PHP   1. {main}() C:\AppServ\www\index.php:0
[12-Aug-2020 03:52:30 UTC] PHP Notice:  Undefined variable: uname in C:\AppServ\www\index.php on line 56
[12-Aug-2020 03:52:30 UTC] PHP Stack trace:
[12-Aug-2020 03:52:30 UTC] PHP   1. {main}() C:\AppServ\www\index.php:0
[12-Aug-2020 04:08:03 UTC] PHP Notice:  Undefined variable: uname in C:\AppServ\www\login.php on line 106
[12-Aug-2020 04:08:03 UTC] PHP Stack trace:
[12-Aug-2020 04:08:03 UTC] PHP   1. {main}() C:\AppServ\www\login.php:0
[12-Aug-2020 05:33:40 UTC] PHP Notice:  Undefined variable: uname in C:\AppServ\www\login.php on line 145
[12-Aug-2020 05:33:40 UTC] PHP Stack trace:
[12-Aug-2020 05:33:40 UTC] PHP   1. {main}() C:\AppServ\www\login.php:0
[12-Aug-2020 05:39:23 UTC] PHP Warning:  mysqli_stmt::bind_param(): Number of variables doesn't match number of parameters in prepared statement in C:\AppServ\www\login.php on line 43
[12-Aug-2020 05:39:23 UTC] PHP Stack trace:
[12-Aug-2020 05:39:23 UTC] PHP   1. {main}() C:\AppServ\www\login.php:0
[12-Aug-2020 05:39:23 UTC] PHP   2. mysqli_stmt->bind_param() C:\AppServ\www\login.php:43
[12-Aug-2020 05:39:52 UTC] PHP Warning:  mysqli_stmt::bind_param(): Number of variables doesn't match number of parameters in prepared statement in C:\AppServ\www\login.php on line 43
[12-Aug-2020 05:39:52 UTC] PHP Stack trace:
[12-Aug-2020 05:39:52 UTC] PHP   1. {main}() C:\AppServ\www\login.php:0
[12-Aug-2020 05:39:52 UTC] PHP   2. mysqli_stmt->bind_param() C:\AppServ\www\login.php:43
[12-Aug-2020 05:47:29 UTC] PHP Notice:  Undefined variable: uname in C:\AppServ\www\index.php on line 147
[12-Aug-2020 05:47:29 UTC] PHP Stack trace:
[12-Aug-2020 05:47:29 UTC] PHP   1. {main}() C:\AppServ\www\index.php:0
[12-Aug-2020 05:57:19 UTC] PHP Warning:  Use of undefined constant console - assumed 'console' (this will throw an Error in a future version of PHP) in C:\AppServ\www\index.php on line 30
[12-Aug-2020 05:57:19 UTC] PHP Stack trace:
[12-Aug-2020 05:57:19 UTC] PHP   1. {main}() C:\AppServ\www\index.php:0
[12-Aug-2020 05:57:19 UTC] PHP Warning:  Use of undefined constant console - assumed 'console' (this will throw an Error in a future version of PHP) in C:\AppServ\www\index.php on line 48
[12-Aug-2020 05:57:19 UTC] PHP Stack trace:
[12-Aug-2020 05:57:19 UTC] PHP   1. {main}() C:\AppServ\www\index.php:0
[12-Aug-2020 05:57:19 UTC] PHP Warning:  Use of undefined constant console - assumed 'console' (this will throw an Error in a future version of PHP) in C:\AppServ\www\index.php on line 54
[12-Aug-2020 05:57:19 UTC] PHP Stack trace:
[12-Aug-2020 05:57:19 UTC] PHP   1. {main}() C:\AppServ\www\index.php:0
[12-Aug-2020 06:13:24 UTC] PHP Parse error:  syntax error, unexpected '&&' (T_BOOLEAN_AND) in C:\AppServ\www\index.php on line 38
[12-Aug-2020 06:26:38 UTC] PHP Warning:  Use of undefined constant window - assumed 'window' (this will throw an Error in a future version of PHP) in C:\AppServ\www\register.php on line 134
[12-Aug-2020 06:26:38 UTC] PHP Stack trace:
[12-Aug-2020 06:26:38 UTC] PHP   1. {main}() C:\AppServ\www\register.php:0
[12-Aug-2020 06:26:38 UTC] PHP Fatal error:  Uncaught Error: Call to undefined function alert() in C:\AppServ\www\register.php:134
Stack trace:
#0 {main}
  thrown in C:\AppServ\www\register.php on line 134
[12-Aug-2020 06:27:51 UTC] PHP Warning:  error_log() expects parameter 2 to be int, string given in C:\AppServ\www\register.php on line 136
[12-Aug-2020 06:27:51 UTC] PHP Stack trace:
[12-Aug-2020 06:27:51 UTC] PHP   1. {main}() C:\AppServ\www\register.php:0
[12-Aug-2020 06:27:51 UTC] PHP   2. error_log() C:\AppServ\www\register.php:136
[12-Aug-2020 06:31:27 UTC] error: INSERT INTO users (first_name, last_name, username, email, password)
          VALUES ('Daniel', 'Young', ?, ?, ?)
[12-Aug-2020 11:24:17 UTC] PHP Notice:  Undefined index: username in C:\AppServ\www\login.php on line 29
[12-Aug-2020 11:24:17 UTC] PHP Stack trace:
[12-Aug-2020 11:24:17 UTC] PHP   1. {main}() C:\AppServ\www\login.php:0
[12-Aug-2020 11:35:29 UTC] PHP Notice:  Undefined index: username in C:\AppServ\www\login.php on line 29
[12-Aug-2020 11:35:29 UTC] PHP Stack trace:
[12-Aug-2020 11:35:29 UTC] PHP   1. {main}() C:\AppServ\www\login.php:0
[12-Aug-2020 11:35:42 UTC] PHP Notice:  Undefined index: username in C:\AppServ\www\login.php on line 29
[12-Aug-2020 11:35:42 UTC] PHP Stack trace:
[12-Aug-2020 11:35:42 UTC] PHP   1. {main}() C:\AppServ\www\login.php:0
[12-Aug-2020 11:44:28 UTC] PHP Notice:  Undefined index: uname in C:\AppServ\www\login.php on line 29
[12-Aug-2020 11:44:28 UTC] PHP Stack trace:
[12-Aug-2020 11:44:28 UTC] PHP   1. {main}() C:\AppServ\www\login.php:0
[14-Aug-2020 07:11:35 UTC] PHP Notice:  Undefined variable: result in C:\AppServ\www\index.php on line 60
[14-Aug-2020 07:11:35 UTC] PHP Stack trace:
[14-Aug-2020 07:11:35 UTC] PHP   1. {main}() C:\AppServ\www\index.php:0
[14-Aug-2020 07:11:35 UTC] PHP Fatal error:  Uncaught Error: Call to a member function fetch_array() on null in C:\AppServ\www\index.php:60
Stack trace:
#0 {main}
  thrown in C:\AppServ\www\index.php on line 60
[14-Aug-2020 07:15:30 UTC] PHP Recoverable fatal error:  Object of class mysqli could not be converted to string in C:\AppServ\www\index.php on line 60
[14-Aug-2020 07:15:30 UTC] PHP Stack trace:
[14-Aug-2020 07:15:30 UTC] PHP   1. {main}() C:\AppServ\www\index.php:0
[14-Aug-2020 07:35:57 UTC] PHP Fatal error:  Uncaught Error: Call to undefined method mysqli::fetch_array() in C:\AppServ\www\index.php:60
Stack trace:
#0 {main}
  thrown in C:\AppServ\www\index.php on line 60
[14-Aug-2020 07:41:41 UTC] PHP Notice:  Undefined variable: result in C:\AppServ\www\index.php on line 60
[14-Aug-2020 07:41:41 UTC] PHP Stack trace:
[14-Aug-2020 07:41:41 UTC] PHP   1. {main}() C:\AppServ\www\index.php:0
[14-Aug-2020 07:41:41 UTC] PHP Fatal error:  Uncaught Error: Call to a member function fetch_array() on null in C:\AppServ\www\index.php:60
Stack trace:
#0 {main}
  thrown in C:\AppServ\www\index.php on line 60
[14-Aug-2020 08:03:25 UTC] PHP Parse error:  syntax error, unexpected 's' (T_STRING) in C:\AppServ\www\login.php on line 43
[14-Aug-2020 18:34:08 UTC] PHP Warning:  mysqli_stmt::store_result() expects exactly 0 parameters, 1 given in C:\AppServ\www\index.php on line 56
[14-Aug-2020 18:34:08 UTC] PHP Stack trace:
[14-Aug-2020 18:34:08 UTC] PHP   1. {main}() C:\AppServ\www\index.php:0
[14-Aug-2020 18:34:08 UTC] PHP   2. mysqli_stmt->store_result() C:\AppServ\www\index.php:56
[14-Aug-2020 18:52:55 UTC] PHP Parse error:  syntax error, unexpected 's' (T_STRING) in C:\AppServ\www\index.php on line 48
[14-Aug-2020 19:16:06 UTC] PHP Warning:  mysqli_stmt::bind_param(): Number of variables doesn't match number of parameters in prepared statement in C:\AppServ\www\index.php on line 54
[14-Aug-2020 19:16:06 UTC] PHP Stack trace:
[14-Aug-2020 19:16:06 UTC] PHP   1. {main}() C:\AppServ\www\index.php:0
[14-Aug-2020 19:16:06 UTC] PHP   2. mysqli_stmt->bind_param() C:\AppServ\www\index.php:54
[14-Aug-2020 19:17:48 UTC] PHP Warning:  mysqli_stmt::bind_param(): Number of variables doesn't match number of parameters in prepared statement in C:\AppServ\www\index.php on line 54
[14-Aug-2020 19:17:48 UTC] PHP Stack trace:
[14-Aug-2020 19:17:48 UTC] PHP   1. {main}() C:\AppServ\www\index.php:0
[14-Aug-2020 19:17:48 UTC] PHP   2. mysqli_stmt->bind_param() C:\AppServ\www\index.php:54
[14-Aug-2020 19:18:49 UTC] PHP Warning:  mysqli_stmt::bind_param(): Number of variables doesn't match number of parameters in prepared statement in C:\AppServ\www\index.php on line 54
[14-Aug-2020 19:18:49 UTC] PHP Stack trace:
[14-Aug-2020 19:18:49 UTC] PHP   1. {main}() C:\AppServ\www\index.php:0
[14-Aug-2020 19:18:49 UTC] PHP   2. mysqli_stmt->bind_param() C:\AppServ\www\index.php:54
[14-Aug-2020 19:18:51 UTC] PHP Warning:  mysqli_stmt::bind_param(): Number of variables doesn't match number of parameters in prepared statement in C:\AppServ\www\index.php on line 54
[14-Aug-2020 19:18:51 UTC] PHP Stack trace:
[14-Aug-2020 19:18:51 UTC] PHP   1. {main}() C:\AppServ\www\index.php:0
[14-Aug-2020 19:18:51 UTC] PHP   2. mysqli_stmt->bind_param() C:\AppServ\www\index.php:54
[14-Aug-2020 19:26:35 UTC] PHP Notice:  Undefined variable: mysqli in C:\AppServ\www\login.php on line 40
[14-Aug-2020 19:26:35 UTC] PHP Stack trace:
[14-Aug-2020 19:26:35 UTC] PHP   1. {main}() C:\AppServ\www\login.php:0
[14-Aug-2020 19:26:35 UTC] PHP Fatal error:  Uncaught Error: Call to a member function prepare() on null in C:\AppServ\www\login.php:40
Stack trace:
#0 {main}
  thrown in C:\AppServ\www\login.php on line 40
[14-Aug-2020 19:26:56 UTC] PHP Notice:  session_start(): A session had already been started - ignoring in C:\AppServ\www\login.php on line 59
[14-Aug-2020 19:26:56 UTC] PHP Stack trace:
[14-Aug-2020 19:26:56 UTC] PHP   1. {main}() C:\AppServ\www\login.php:0
[14-Aug-2020 19:26:56 UTC] PHP   2. session_start() C:\AppServ\www\login.php:59
[14-Aug-2020 19:26:56 UTC] PHP Notice:  Undefined variable: mysqli in C:\AppServ\www\login.php on line 87
[14-Aug-2020 19:26:56 UTC] PHP Stack trace:
[14-Aug-2020 19:26:56 UTC] PHP   1. {main}() C:\AppServ\www\login.php:0
[14-Aug-2020 19:26:56 UTC] PHP Fatal error:  Uncaught Error: Call to a member function close() on null in C:\AppServ\www\login.php:87
Stack trace:
#0 {main}
  thrown in C:\AppServ\www\login.php on line 87
[14-Aug-2020 19:26:57 UTC] PHP Notice:  Undefined index: user in C:\AppServ\www\session.php on line 5
[14-Aug-2020 19:26:57 UTC] PHP Stack trace:
[14-Aug-2020 19:26:57 UTC] PHP   1. {main}() C:\AppServ\www\welcome.php:0
[14-Aug-2020 19:26:57 UTC] PHP   2. include() C:\AppServ\www\welcome.php:2
[14-Aug-2020 19:26:57 UTC] PHP Notice:  Undefined variable: result in C:\AppServ\www\session.php on line 16
[14-Aug-2020 19:26:57 UTC] PHP Stack trace:
[14-Aug-2020 19:26:57 UTC] PHP   1. {main}() C:\AppServ\www\welcome.php:0
[14-Aug-2020 19:26:57 UTC] PHP   2. include() C:\AppServ\www\welcome.php:2
[14-Aug-2020 19:26:57 UTC] PHP Fatal error:  Uncaught Error: Call to a member function fetch_array() on null in C:\AppServ\www\session.php:16
Stack trace:
#0 C:\AppServ\www\welcome.php(2): include()
#1 {main}
  thrown in C:\AppServ\www\session.php on line 16
[14-Aug-2020 19:29:13 UTC] PHP Notice:  Undefined index: user in C:\AppServ\www\session.php on line 5
[14-Aug-2020 19:29:13 UTC] PHP Stack trace:
[14-Aug-2020 19:29:13 UTC] PHP   1. {main}() C:\AppServ\www\welcome.php:0
[14-Aug-2020 19:29:13 UTC] PHP   2. include() C:\AppServ\www\welcome.php:2
[14-Aug-2020 19:29:13 UTC] PHP Notice:  Undefined variable: result in C:\AppServ\www\session.php on line 16
[14-Aug-2020 19:29:13 UTC] PHP Stack trace:
[14-Aug-2020 19:29:13 UTC] PHP   1. {main}() C:\AppServ\www\welcome.php:0
[14-Aug-2020 19:29:13 UTC] PHP   2. include() C:\AppServ\www\welcome.php:2
[14-Aug-2020 19:29:13 UTC] PHP Fatal error:  Uncaught Error: Call to a member function fetch_array() on null in C:\AppServ\www\session.php:16
Stack trace:
#0 C:\AppServ\www\welcome.php(2): include()
#1 {main}
  thrown in C:\AppServ\www\session.php on line 16
[14-Aug-2020 19:29:14 UTC] PHP Notice:  Undefined index: user in C:\AppServ\www\session.php on line 5
[14-Aug-2020 19:29:14 UTC] PHP Stack trace:
[14-Aug-2020 19:29:14 UTC] PHP   1. {main}() C:\AppServ\www\welcome.php:0
[14-Aug-2020 19:29:14 UTC] PHP   2. include() C:\AppServ\www\welcome.php:2
[14-Aug-2020 19:29:14 UTC] PHP Notice:  Undefined variable: result in C:\AppServ\www\session.php on line 16
[14-Aug-2020 19:29:14 UTC] PHP Stack trace:
[14-Aug-2020 19:29:14 UTC] PHP   1. {main}() C:\AppServ\www\welcome.php:0
[14-Aug-2020 19:29:14 UTC] PHP   2. include() C:\AppServ\www\welcome.php:2
[14-Aug-2020 19:29:14 UTC] PHP Fatal error:  Uncaught Error: Call to a member function fetch_array() on null in C:\AppServ\www\session.php:16
Stack trace:
#0 C:\AppServ\www\welcome.php(2): include()
#1 {main}
  thrown in C:\AppServ\www\session.php on line 16
[14-Aug-2020 19:29:22 UTC] PHP Notice:  Undefined index: user in C:\AppServ\www\session.php on line 5
[14-Aug-2020 19:29:22 UTC] PHP Stack trace:
[14-Aug-2020 19:29:22 UTC] PHP   1. {main}() C:\AppServ\www\welcome.php:0
[14-Aug-2020 19:29:22 UTC] PHP   2. include() C:\AppServ\www\welcome.php:2
[14-Aug-2020 19:29:22 UTC] PHP Notice:  Undefined variable: result in C:\AppServ\www\session.php on line 16
[14-Aug-2020 19:29:22 UTC] PHP Stack trace:
[14-Aug-2020 19:29:22 UTC] PHP   1. {main}() C:\AppServ\www\welcome.php:0
[14-Aug-2020 19:29:22 UTC] PHP   2. include() C:\AppServ\www\welcome.php:2
[14-Aug-2020 19:29:22 UTC] PHP Fatal error:  Uncaught Error: Call to a member function fetch_array() on null in C:\AppServ\www\session.php:16
Stack trace:
#0 C:\AppServ\www\welcome.php(2): include()
#1 {main}
  thrown in C:\AppServ\www\session.php on line 16
[14-Aug-2020 19:29:31 UTC] PHP Notice:  Undefined index: user in C:\AppServ\www\session.php on line 5
[14-Aug-2020 19:29:31 UTC] PHP Stack trace:
[14-Aug-2020 19:29:31 UTC] PHP   1. {main}() C:\AppServ\www\welcome.php:0
[14-Aug-2020 19:29:31 UTC] PHP   2. include() C:\AppServ\www\welcome.php:2
[14-Aug-2020 19:29:31 UTC] PHP Notice:  Undefined variable: result in C:\AppServ\www\session.php on line 16
[14-Aug-2020 19:29:31 UTC] PHP Stack trace:
[14-Aug-2020 19:29:31 UTC] PHP   1. {main}() C:\AppServ\www\welcome.php:0
[14-Aug-2020 19:29:31 UTC] PHP   2. include() C:\AppServ\www\welcome.php:2
[14-Aug-2020 19:29:31 UTC] PHP Fatal error:  Uncaught Error: Call to a member function fetch_array() on null in C:\AppServ\www\session.php:16
Stack trace:
#0 C:\AppServ\www\welcome.php(2): include()
#1 {main}
  thrown in C:\AppServ\www\session.php on line 16
[14-Aug-2020 19:29:48 UTC] PHP Notice:  session_start(): A session had already been started - ignoring in C:\AppServ\www\login.php on line 59
[14-Aug-2020 19:29:48 UTC] PHP Stack trace:
[14-Aug-2020 19:29:48 UTC] PHP   1. {main}() C:\AppServ\www\login.php:0
[14-Aug-2020 19:29:48 UTC] PHP   2. session_start() C:\AppServ\www\login.php:59
[14-Aug-2020 19:29:49 UTC] PHP Notice:  Undefined variable: result in C:\AppServ\www\session.php on line 16
[14-Aug-2020 19:29:49 UTC] PHP Stack trace:
[14-Aug-2020 19:29:49 UTC] PHP   1. {main}() C:\AppServ\www\welcome.php:0
[14-Aug-2020 19:29:49 UTC] PHP   2. include() C:\AppServ\www\welcome.php:2
[14-Aug-2020 19:29:49 UTC] PHP Fatal error:  Uncaught Error: Call to a member function fetch_array() on null in C:\AppServ\www\session.php:16
Stack trace:
#0 C:\AppServ\www\welcome.php(2): include()
#1 {main}
  thrown in C:\AppServ\www\session.php on line 16
[14-Aug-2020 19:57:07 UTC] PHP Warning:  mysqli_stmt::bind_param(): Number of variables doesn't match number of parameters in prepared statement in C:\AppServ\www\index.php on line 54
[14-Aug-2020 19:57:07 UTC] PHP Stack trace:
[14-Aug-2020 19:57:07 UTC] PHP   1. {main}() C:\AppServ\www\index.php:0
[14-Aug-2020 19:57:07 UTC] PHP   2. mysqli_stmt->bind_param() C:\AppServ\www\index.php:54
[14-Aug-2020 19:57:31 UTC] PHP Notice:  session_start(): A session had already been started - ignoring in C:\AppServ\www\login.php on line 59
[14-Aug-2020 19:57:31 UTC] PHP Stack trace:
[14-Aug-2020 19:57:31 UTC] PHP   1. {main}() C:\AppServ\www\login.php:0
[14-Aug-2020 19:57:31 UTC] PHP   2. session_start() C:\AppServ\www\login.php:59
[14-Aug-2020 20:09:28 UTC] PHP Fatal error:  Uncaught Error: Call to undefined method mysqli_stmt::query() in C:\AppServ\www\session.php:16
Stack trace:
#0 C:\AppServ\www\welcome.php(2): include()
#1 {main}
  thrown in C:\AppServ\www\session.php on line 16
[14-Aug-2020 20:11:10 UTC] PHP Fatal error:  Uncaught Error: Call to a member function fetch_array() on bool in C:\AppServ\www\session.php:16
Stack trace:
#0 C:\AppServ\www\welcome.php(2): include()
#1 {main}
  thrown in C:\AppServ\www\session.php on line 16
[14-Aug-2020 20:11:37 UTC] PHP Fatal error:  Uncaught Error: Call to a member function fetch_array() on bool in C:\AppServ\www\session.php:16
Stack trace:
#0 C:\AppServ\www\welcome.php(2): include()
#1 {main}
  thrown in C:\AppServ\www\session.php on line 16
[14-Aug-2020 20:15:00 UTC] PHP Warning:  mysqli::query() expects at least 1 parameter, 0 given in C:\AppServ\www\session.php on line 16
[14-Aug-2020 20:15:00 UTC] PHP Stack trace:
[14-Aug-2020 20:15:00 UTC] PHP   1. {main}() C:\AppServ\www\welcome.php:0
[14-Aug-2020 20:15:00 UTC] PHP   2. include() C:\AppServ\www\welcome.php:2
[14-Aug-2020 20:15:00 UTC] PHP   3. mysqli->query() C:\AppServ\www\session.php:16
[14-Aug-2020 20:15:00 UTC] PHP Fatal error:  Uncaught Error: Call to a member function fetch_array() on null in C:\AppServ\www\session.php:17
Stack trace:
#0 C:\AppServ\www\welcome.php(2): include()
#1 {main}
  thrown in C:\AppServ\www\session.php on line 17
[14-Aug-2020 20:16:03 UTC] PHP Fatal error:  Uncaught Error: Call to a member function fetch_array() on bool in C:\AppServ\www\session.php:17
Stack trace:
#0 C:\AppServ\www\welcome.php(2): include()
#1 {main}
  thrown in C:\AppServ\www\session.php on line 17
[14-Aug-2020 20:16:17 UTC] PHP Fatal error:  Uncaught Error: Call to a member function fetch_array() on bool in C:\AppServ\www\session.php:17
Stack trace:
#0 C:\AppServ\www\welcome.php(2): include()
#1 {main}
  thrown in C:\AppServ\www\session.php on line 17
[14-Aug-2020 20:16:26 UTC] PHP Warning:  mysqli::query() expects at least 1 parameter, 0 given in C:\AppServ\www\session.php on line 16
[14-Aug-2020 20:16:26 UTC] PHP Stack trace:
[14-Aug-2020 20:16:26 UTC] PHP   1. {main}() C:\AppServ\www\welcome.php:0
[14-Aug-2020 20:16:26 UTC] PHP   2. include() C:\AppServ\www\welcome.php:2
[14-Aug-2020 20:16:26 UTC] PHP   3. mysqli->query() C:\AppServ\www\session.php:16
[14-Aug-2020 20:16:55 UTC] PHP Fatal error:  Uncaught Error: Call to a member function fetch_array() on null in C:\AppServ\www\session.php:17
Stack trace:
#0 C:\AppServ\www\welcome.php(2): include()
#1 {main}
  thrown in C:\AppServ\www\session.php on line 17
[14-Aug-2020 20:16:55 UTC] PHP Stack trace:
[14-Aug-2020 20:16:55 UTC] PHP   1. {main}() C:\AppServ\www\welcome.php:0
[14-Aug-2020 20:16:55 UTC] PHP   2. include() C:\AppServ\www\welcome.php:2
[14-Aug-2020 20:17:19 UTC] PHP Fatal error:  Uncaught Error: Call to a member function fetch_array() on bool in C:\AppServ\www\session.php:17
Stack trace:
#0 C:\AppServ\www\welcome.php(2): include()
#1 {main}
  thrown in C:\AppServ\www\session.php on line 17
[14-Aug-2020 20:18:28 UTC] PHP Fatal error:  Uncaught Error: Call to a member function fetch_array() on bool in C:\AppServ\www\session.php:17
Stack trace:
#0 C:\AppServ\www\welcome.php(2): include()
#1 {main}
  thrown in C:\AppServ\www\session.php on line 17
[14-Aug-2020 20:18:30 UTC] PHP Fatal error:  Uncaught Error: Call to a member function fetch_array() on bool in C:\AppServ\www\session.php:17
Stack trace:
#0 C:\AppServ\www\welcome.php(2): include()
#1 {main}
  thrown in C:\AppServ\www\session.php on line 17
[14-Aug-2020 20:21:19 UTC] PHP Notice:  session_start(): A session had already been started - ignoring in C:\AppServ\www\login.php on line 59
[14-Aug-2020 20:21:19 UTC] PHP Stack trace:
[14-Aug-2020 20:21:19 UTC] PHP   1. {main}() C:\AppServ\www\login.php:0
[14-Aug-2020 20:21:19 UTC] PHP   2. session_start() C:\AppServ\www\login.php:59
[14-Aug-2020 20:21:19 UTC] PHP Fatal error:  Uncaught Error: Call to a member function fetch_array() on bool in C:\AppServ\www\session.php:17
Stack trace:
#0 C:\AppServ\www\welcome.php(2): include()
#1 {main}
  thrown in C:\AppServ\www\session.php on line 17
[14-Aug-2020 20:22:43 UTC] PHP Fatal error:  Uncaught Error: Call to a member function fetch_array() on bool in C:\AppServ\www\session.php:18
Stack trace:
#0 C:\AppServ\www\welcome.php(2): include()
#1 {main}
  thrown in C:\AppServ\www\session.php on line 18
[14-Aug-2020 20:32:12 UTC] PHP Notice:  session_start(): A session had already been started - ignoring in C:\AppServ\www\login.php on line 59
[14-Aug-2020 20:32:12 UTC] PHP Stack trace:
[14-Aug-2020 20:32:12 UTC] PHP   1. {main}() C:\AppServ\www\login.php:0
[14-Aug-2020 20:32:12 UTC] PHP   2. session_start() C:\AppServ\www\login.php:59
[14-Aug-2020 20:38:42 UTC] PHP Notice:  session_start(): A session had already been started - ignoring in C:\AppServ\www\login.php on line 59
[14-Aug-2020 20:38:42 UTC] PHP Stack trace:
[14-Aug-2020 20:38:42 UTC] PHP   1. {main}() C:\AppServ\www\login.php:0
[14-Aug-2020 20:38:42 UTC] PHP   2. session_start() C:\AppServ\www\login.php:59
[14-Aug-2020 20:45:10 UTC] PHP Notice:  Undefined variable: username_err in C:\AppServ\www\index.php on line 150
[14-Aug-2020 20:45:10 UTC] PHP Stack trace:
[14-Aug-2020 20:45:10 UTC] PHP   1. {main}() C:\AppServ\www\index.php:0
[14-Aug-2020 20:45:10 UTC] PHP Notice:  Undefined variable: password_err in C:\AppServ\www\index.php on line 155
[14-Aug-2020 20:45:10 UTC] PHP Stack trace:
[14-Aug-2020 20:45:10 UTC] PHP   1. {main}() C:\AppServ\www\index.php:0
[14-Aug-2020 20:55:13 UTC] PHP Notice:  session_start(): A session had already been started - ignoring in C:\AppServ\www\index.php on line 54
[14-Aug-2020 20:55:13 UTC] PHP Stack trace:
[14-Aug-2020 20:55:13 UTC] PHP   1. {main}() C:\AppServ\www\index.php:0
[14-Aug-2020 20:55:13 UTC] PHP   2. session_start() C:\AppServ\www\index.php:54
[14-Aug-2020 20:55:13 UTC] PHP Notice:  Undefined variable: unameErr in C:\AppServ\www\index.php on line 137
[14-Aug-2020 20:55:13 UTC] PHP Stack trace:
[14-Aug-2020 20:55:13 UTC] PHP   1. {main}() C:\AppServ\www\index.php:0
[14-Aug-2020 20:55:13 UTC] PHP Notice:  Undefined variable: pswErr in C:\AppServ\www\index.php on line 142
[14-Aug-2020 20:55:13 UTC] PHP Stack trace:
[14-Aug-2020 20:55:13 UTC] PHP   1. {main}() C:\AppServ\www\index.php:0
[14-Aug-2020 20:56:32 UTC] PHP Notice:  Undefined variable: unameErr in C:\AppServ\www\index.php on line 137
[14-Aug-2020 20:56:32 UTC] PHP Stack trace:
[14-Aug-2020 20:56:32 UTC] PHP   1. {main}() C:\AppServ\www\index.php:0
[14-Aug-2020 20:56:32 UTC] PHP Notice:  Undefined variable: pswErr in C:\AppServ\www\index.php on line 142
[14-Aug-2020 20:56:32 UTC] PHP Stack trace:
[14-Aug-2020 20:56:32 UTC] PHP   1. {main}() C:\AppServ\www\index.php:0
[14-Aug-2020 20:58:01 UTC] PHP Notice:  Undefined variable: unameErr in C:\AppServ\www\index.php on line 137
[14-Aug-2020 20:58:01 UTC] PHP Stack trace:
[14-Aug-2020 20:58:01 UTC] PHP   1. {main}() C:\AppServ\www\index.php:0
[14-Aug-2020 20:58:01 UTC] PHP Notice:  Undefined variable: pswErr in C:\AppServ\www\index.php on line 142
[14-Aug-2020 20:58:01 UTC] PHP Stack trace:
[14-Aug-2020 20:58:01 UTC] PHP   1. {main}() C:\AppServ\www\index.php:0
[14-Aug-2020 20:59:27 UTC] PHP Notice:  session_start(): A session had already been started - ignoring in C:\AppServ\www\index.php on line 54
[14-Aug-2020 20:59:27 UTC] PHP Stack trace:
[14-Aug-2020 20:59:27 UTC] PHP   1. {main}() C:\AppServ\www\index.php:0
[14-Aug-2020 20:59:27 UTC] PHP   2. session_start() C:\AppServ\www\index.php:54
[15-Aug-2020 10:48:18 UTC] PHP Notice:  session_start(): A session had already been started - ignoring in C:\AppServ\www\index.php on line 54
[15-Aug-2020 10:48:18 UTC] PHP Stack trace:
[15-Aug-2020 10:48:18 UTC] PHP   1. {main}() C:\AppServ\www\index.php:0
[15-Aug-2020 10:48:18 UTC] PHP   2. session_start() C:\AppServ\www\index.php:54
[15-Aug-2020 10:49:32 UTC] PHP Notice:  session_start(): A session had already been started - ignoring in C:\AppServ\www\login.php on line 59
[15-Aug-2020 10:49:32 UTC] PHP Stack trace:
[15-Aug-2020 10:49:32 UTC] PHP   1. {main}() C:\AppServ\www\login.php:0
[15-Aug-2020 10:49:32 UTC] PHP   2. session_start() C:\AppServ\www\login.php:59
[16-Aug-2020 00:52:10 UTC] PHP Notice:  Undefined index: user in C:\AppServ\www\session.php on line 5
[16-Aug-2020 00:52:10 UTC] PHP Stack trace:
[16-Aug-2020 00:52:10 UTC] PHP   1. {main}() C:\AppServ\www\welcome.php:0
[16-Aug-2020 00:52:10 UTC] PHP   2. include() C:\AppServ\www\welcome.php:2
[16-Aug-2020 01:18:15 UTC] PHP Notice:  session_start(): A session had already been started - ignoring in C:\AppServ\www\login.php on line 59
[16-Aug-2020 01:18:15 UTC] PHP Stack trace:
[16-Aug-2020 01:18:15 UTC] PHP   1. {main}() C:\AppServ\www\login.php:0
[16-Aug-2020 01:18:15 UTC] PHP   2. session_start() C:\AppServ\www\login.php:59
[18-Aug-2020 00:32:20 UTC] PHP Notice:  session_start(): A session had already been started - ignoring in C:\AppServ\www\index.php on line 54
[18-Aug-2020 00:32:20 UTC] PHP Stack trace:
[18-Aug-2020 00:32:20 UTC] PHP   1. {main}() C:\AppServ\www\index.php:0
[18-Aug-2020 00:32:20 UTC] PHP   2. session_start() C:\AppServ\www\index.php:54
[18-Aug-2020 09:23:07 UTC] PHP Notice:  Undefined index: user in C:\AppServ\www\session.php on line 5
[18-Aug-2020 09:23:07 UTC] PHP Stack trace:
[18-Aug-2020 09:23:07 UTC] PHP   1. {main}() C:\AppServ\www\welcome.php:0
[18-Aug-2020 09:23:07 UTC] PHP   2. include() C:\AppServ\www\welcome.php:2
[19-Aug-2020 14:02:37 UTC] PHP Notice:  session_start(): A session had already been started - ignoring in C:\AppServ\www\index.php on line 54
[19-Aug-2020 14:02:37 UTC] PHP Stack trace:
[19-Aug-2020 14:02:37 UTC] PHP   1. {main}() C:\AppServ\www\index.php:0
[19-Aug-2020 14:02:37 UTC] PHP   2. session_start() C:\AppServ\www\index.php:54
